TN:
SF:src\test.ts
FNF:0
FNH:0
DA:21,1
LF:1
LH:1
BRF:0
BRH:0
end_of_record
TN:
SF:src\app\app.component.ts
FN:15,(anonymous_0)
FNF:1
FNH:1
FNDA:2,(anonymous_0)
DA:15,1
DA:16,2
LF:2
LH:2
BRF:0
BRH:0
end_of_record
TN:
SF:src\app\company-card\company-card.component.ts
FNF:0
FNH:0
DA:11,1
LF:1
LH:1
BRF:0
BRH:0
end_of_record
TN:
SF:src\app\company-list\company-list.component.ts
FN:16,(anonymous_0)
FNF:1
FNH:1
FNDA:1,(anonymous_0)
DA:13,1
DA:14,1
DA:16,1
LF:3
LH:3
BRF:0
BRH:0
end_of_record
TN:
SF:src\app\home\home.component.ts
FNF:0
FNH:0
DA:11,1
LF:1
LH:1
BRF:0
BRH:0
end_of_record
TN:
SF:src\app\todos\todo-list.component.ts
FN:40,(anonymous_0)
FN:61,(anonymous_1)
FN:69,(anonymous_2)
FN:80,(anonymous_3)
FN:97,(anonymous_4)
FNF:5
FNH:5
FNDA:3,(anonymous_0)
FNDA:3,(anonymous_1)
FNDA:1,(anonymous_2)
FNDA:3,(anonymous_3)
FNDA:3,(anonymous_4)
DA:24,1
DA:25,3
DA:26,3
DA:27,3
DA:28,3
DA:29,3
DA:30,3
DA:32,3
DA:40,3
DA:43,3
DA:44,3
DA:45,3
DA:46,3
DA:50,3
DA:62,3
DA:70,1
DA:71,1
DA:75,1
DA:77,1
DA:97,3
DA:98,3
DA:99,3
LF:22
LH:22
BRDA:70,0,0,1
BRF:1
BRH:1
end_of_record
TN:
SF:src\app\todos\todo.service.ts
FN:29,(anonymous_0)
FN:45,(anonymous_1)
FN:73,(anonymous_2)
FN:79,(anonymous_3)
FN:84,(anonymous_4)
FNF:5
FNH:5
FNDA:20,(anonymous_0)
FNDA:5,(anonymous_1)
FNDA:5,(anonymous_2)
FNDA:10,(anonymous_3)
FNDA:7,(anonymous_4)
DA:14,1
DA:16,20
DA:17,20
DA:18,20
DA:19,20
DA:20,20
DA:29,20
DA:49,5
DA:52,5
DA:53,4
DA:54,1
DA:56,4
DA:57,1
DA:59,4
DA:61,1
DA:63,4
DA:65,1
DA:68,5
DA:74,5
DA:77,5
DA:78,2
DA:79,10
DA:82,5
DA:83,2
DA:84,7
DA:86,5
LF:26
LH:26
BRDA:52,0,0,4
BRDA:53,1,0,1
BRDA:56,2,0,1
BRDA:59,3,0,1
BRDA:63,4,0,1
BRDA:77,5,0,2
BRDA:82,6,0,2
BRF:7
BRH:7
end_of_record
TN:
SF:src\app\users\add-user.component.ts
FN:98,(anonymous_0)
FN:32,(anonymous_1)
FN:104,(anonymous_2)
FN:109,(anonymous_3)
FN:118,(anonymous_4)
FN:120,(anonymous_5)
FN:128,(anonymous_6)
FNF:7
FNH:7
FNDA:27,(anonymous_0)
FNDA:90,(anonymous_1)
FNDA:216,(anonymous_2)
FNDA:4,(anonymous_3)
FNDA:2,(anonymous_4)
FNDA:1,(anonymous_5)
FNDA:1,(anonymous_6)
DA:20,1
DA:22,27
DA:33,90
DA:34,2
DA:36,88
DA:72,27
DA:99,27
DA:100,27
DA:101,27
DA:105,216
DA:110,4
DA:111,8
DA:112,3
DA:115,1
DA:119,2
DA:121,1
DA:126,1
DA:129,1
DA:130,0
DA:135,1
DA:136,1
DA:142,0
LF:22
LH:20
BRDA:33,0,0,2
BRDA:33,0,1,88
BRDA:33,1,0,90
BRDA:33,1,1,89
BRDA:105,2,0,216
BRDA:105,2,1,162
BRDA:105,2,2,162
BRDA:111,3,0,3
BRDA:129,4,0,0
BRDA:129,4,1,1
BRDA:135,5,0,1
BRDA:135,5,1,0
BRF:12
BRH:10
end_of_record
TN:
SF:src\app\users\user-card.component.ts
FN:15,(anonymous_0)
FNF:1
FNH:1
FNDA:21,(anonymous_0)
DA:15,1
DA:17,21
DA:18,21
LF:3
LH:3
BRF:0
BRH:0
end_of_record
TN:
SF:src\app\users\user-list.component.ts
FN:70,(anonymous_0)
FN:96,(anonymous_1)
FN:105,(anonymous_2)
FN:120,(anonymous_3)
FN:137,(anonymous_4)
FNF:5
FNH:5
FNDA:6,(anonymous_0)
FNDA:6,(anonymous_1)
FNDA:1,(anonymous_2)
FNDA:6,(anonymous_3)
FNDA:6,(anonymous_4)
DA:52,1
DA:53,6
DA:54,6
DA:55,6
DA:56,6
DA:58,6
DA:60,6
DA:70,6
DA:80,6
DA:81,6
DA:85,6
DA:97,6
DA:106,1
DA:107,0
DA:111,1
DA:115,1
DA:117,1
DA:137,6
DA:138,6
DA:139,6
LF:20
LH:19
BRDA:106,0,0,0
BRDA:106,0,1,1
BRF:2
BRH:1
end_of_record
TN:
SF:src\app\users\user-profile.component.ts
FN:48,(anonymous_0)
FN:23,(anonymous_1)
FN:27,(anonymous_2)
FN:28,(anonymous_3)
FNF:4
FNH:4
FNDA:5,(anonymous_0)
FNDA:10,(anonymous_1)
FNDA:10,(anonymous_2)
FNDA:1,(anonymous_3)
DA:19,1
DA:20,5
DA:23,10
DA:27,10
DA:29,1
DA:34,1
DA:46,5
DA:49,5
DA:50,5
DA:51,5
DA:52,5
LF:11
LH:11
BRF:0
BRH:0
end_of_record
TN:
SF:src\app\users\user.service.ts
FN:31,(anonymous_0)
FN:51,(anonymous_1)
FN:80,(anonymous_2)
FN:98,(anonymous_3)
FN:104,(anonymous_4)
FN:110,(anonymous_5)
FN:116,(anonymous_6)
FN:120,(anonymous_7)
FN:123,(anonymous_8)
FNF:9
FNH:8
FNDA:42,(anonymous_0)
FNDA:4,(anonymous_1)
FNDA:1,(anonymous_2)
FNDA:8,(anonymous_3)
FNDA:6,(anonymous_4)
FNDA:5,(anonymous_5)
FNDA:0,(anonymous_6)
FNDA:1,(anonymous_7)
FNDA:1,(anonymous_8)
DA:16,1
DA:18,42
DA:20,42
DA:21,42
DA:22,42
DA:31,42
DA:55,4
DA:56,4
DA:57,3
DA:58,2
DA:60,3
DA:61,2
DA:63,3
DA:64,1
DA:69,4
DA:82,1
DA:99,8
DA:102,8
DA:103,2
DA:104,6
DA:108,8
DA:109,2
DA:110,5
DA:113,8
DA:117,0
DA:123,1
LF:26
LH:25
BRDA:56,0,0,3
BRDA:57,1,0,2
BRDA:60,2,0,2
BRDA:63,3,0,1
BRDA:102,4,0,2
BRDA:108,5,0,2
BRF:6
BRH:6
end_of_record
TN:
SF:src\environments\environment.ts
FNF:0
FNH:0
DA:5,1
LF:1
LH:1
BRF:0
BRH:0
end_of_record
TN:
SF:src\testing\activated-route-stub.ts
FN:18,(anonymous_0)
FN:25,(anonymous_1)
FNF:2
FNH:2
FNDA:1,(anonymous_0)
FNDA:6,(anonymous_1)
DA:13,1
DA:16,1
DA:19,1
DA:20,1
DA:26,6
LF:5
LH:5
BRDA:19,0,0,1
BRF:1
BRH:1
end_of_record
TN:
SF:src\testing\todo.service.mock.ts
FN:55,(anonymous_0)
FN:64,(anonymous_1)
FNF:2
FNH:2
FNDA:2,(anonymous_0)
FNDA:2,(anonymous_1)
DA:15,1
DA:16,1
DA:56,2
DA:71,2
LF:4
LH:4
BRF:0
BRH:0
end_of_record
TN:
SF:src\testing\user.service.mock.ts
FN:46,(anonymous_0)
FN:54,(anonymous_1)
FN:65,(anonymous_2)
FNF:3
FNH:3
FNDA:33,(anonymous_0)
FNDA:5,(anonymous_1)
FNDA:9,(anonymous_2)
DA:15,1
DA:16,1
DA:47,33
DA:61,5
DA:70,9
DA:71,6
DA:72,3
DA:73,2
DA:75,1
LF:9
LH:9
BRDA:70,0,0,6
BRDA:70,0,1,3
BRDA:72,1,0,2
BRDA:72,1,1,1
BRF:4
BRH:4
end_of_record
